TestSplash/app/build/intermediates/manifest_merge_blame_file/debug/manifest-merger-blame-debug-report.txt
1<?xml version="1.0" encoding="utf-8"?>
2<manifest xmlns:android="http://schemas.android.com/apk/res/android"
3    package="com.example.testsplash"
4    android:versionCode="1"
5    android:versionName="1.0" >
6
7    <uses-sdk
8        android:minSdkVersion="21"
8-->src\main\AndroidManifest.xml
9        android:targetSdkVersion="31" />
9-->src\main\AndroidManifest.xml
10
11    <uses-permission android:name="android.permission.READ_EXTERNAL_STORAGE" />
11-->src\main\AndroidManifest.xml:52:5-79
11-->src\main\AndroidManifest.xml:52:22-77
12    <uses-permission android:name="android.permission.WRITE_EXTERNAL_STORAGE" />
12-->src\main\AndroidManifest.xml:53:5-80
12-->src\main\AndroidManifest.xml:53:22-78
13    <!-- 만보기 센서 사용 권한 추가 -->
14    <uses-permission android:name="android.permission.ACTIVITY_RECOGNITION" />
14-->src\main\AndroidManifest.xml:55:5-78
14-->src\main\AndroidManifest.xml:55:22-76
15    <uses-permission android:name="android.permission.SET_PREFERRED_APPLICATIONS" />
15-->src\main\AndroidManifest.xml:56:5-57:47
15-->src\main\AndroidManifest.xml:56:22-82
16
17    <application
17-->src\main\AndroidManifest.xml:7:5-51:19
18        android:allowBackup="true"
18-->src\main\AndroidManifest.xml:8:9-35
19        android:appComponentFactory="androidx.core.app.CoreComponentFactory"
19-->[androidx.core:core:1.5.0] AndroidManifest.xml:24:18-86
20        android:debuggable="true"
21        android:icon="@mipmap/ic_launcher"
21-->src\main\AndroidManifest.xml:9:9-43
22        android:label="@string/app_name"
22-->src\main\AndroidManifest.xml:10:9-41
23        android:roundIcon="@mipmap/ic_launcher_round"
23-->src\main\AndroidManifest.xml:11:9-54
24        android:supportsRtl="true"
24-->src\main\AndroidManifest.xml:12:9-35
25        android:testOnly="true"
26        android:theme="@style/AppTheme" >
26-->src\main\AndroidManifest.xml:13:9-40
27        <activity
27-->src\main\AndroidManifest.xml:14:9-23:20
28            android:name="com.example.testsplash.MainActivity"
28-->src\main\AndroidManifest.xml:15:13-41
29            android:exported="true"
29-->src\main\AndroidManifest.xml:17:13-36
30            android:theme="@style/SplashTheme" >
30-->src\main\AndroidManifest.xml:16:13-47
31            <intent-filter>
31-->src\main\AndroidManifest.xml:18:13-22:29
32                <action android:name="android.intent.action.MAIN" />
32-->src\main\AndroidManifest.xml:19:17-69
32-->src\main\AndroidManifest.xml:19:25-66
33
34                <category android:name="android.intent.category.LAUNCHER" />
34-->src\main\AndroidManifest.xml:21:17-77
34-->src\main\AndroidManifest.xml:21:27-74
35            </intent-filter>
36        </activity>
37        <activity android:name="com.example.testsplash.MainBeforeLock" />
37-->src\main\AndroidManifest.xml:25:9-51
37-->src\main\AndroidManifest.xml:25:19-49
38        <activity android:name="com.example.testsplash.Pedometer" />
38-->src\main\AndroidManifest.xml:26:9-46
38-->src\main\AndroidManifest.xml:26:19-44
39        <activity android:name="com.example.testsplash.TestListView" />
39-->src\main\AndroidManifest.xml:27:9-49
39-->src\main\AndroidManifest.xml:27:19-47
40        <activity android:name="com.example.testsplash.DynamicListView" />
40-->src\main\AndroidManifest.xml:28:9-52
40-->src\main\AndroidManifest.xml:28:19-50
41        <activity android:name="com.example.testsplash.Timer" />
41-->src\main\AndroidManifest.xml:29:9-42
41-->src\main\AndroidManifest.xml:29:19-40
42        <activity android:name="com.example.testsplash.SubActivity" />
42-->src\main\AndroidManifest.xml:30:9-48
42-->src\main\AndroidManifest.xml:30:19-46
43        <activity android:name="com.example.testsplash.DayMainActivity" />
43-->src\main\AndroidManifest.xml:31:9-52
43-->src\main\AndroidManifest.xml:31:19-50
44        <activity android:name="com.example.testsplash.DayMainActivity2" />
44-->src\main\AndroidManifest.xml:32:9-53
44-->src\main\AndroidManifest.xml:32:19-51
45        <activity android:name="com.example.testsplash.TimeActivity" />
45-->src\main\AndroidManifest.xml:33:9-49
45-->src\main\AndroidManifest.xml:33:19-47
46        <activity android:name="com.example.testsplash.pedometerLockScreen" />
46-->src\main\AndroidManifest.xml:34:9-56
46-->src\main\AndroidManifest.xml:34:19-54
47        <activity android:name="com.example.testsplash.timerLockScreen" />
47-->src\main\AndroidManifest.xml:35:9-52
47-->src\main\AndroidManifest.xml:35:19-50
48        <activity android:name="com.example.testsplash.Complete" />
48-->src\main\AndroidManifest.xml:36:9-45
48-->src\main\AndroidManifest.xml:36:19-43
49
50        <service android:name="com.example.testsplash.PedometerService" />
50-->src\main\AndroidManifest.xml:37:9-61
50-->src\main\AndroidManifest.xml:37:18-50
51        <service
51-->src\main\AndroidManifest.xml:39:9-50:19
52            android:name="com.example.testsplash.LockApp"
52-->src\main\AndroidManifest.xml:40:13-36
53            android:exported="false"
53-->src\main\AndroidManifest.xml:42:13-37
54            android:permission="android.permission.BIND_ACCESSIBILITY_SERVICE" >
54-->src\main\AndroidManifest.xml:41:13-79
55            <intent-filter>
55-->src\main\AndroidManifest.xml:43:13-45:29
56                <action android:name="android.accessibilityservice.AccessibilityService" />
56-->src\main\AndroidManifest.xml:44:17-92
56-->src\main\AndroidManifest.xml:44:25-89
57            </intent-filter>
58
59            <meta-data
59-->src\main\AndroidManifest.xml:47:13-49:72
60                android:name="android.accessibilityservice"
60-->src\main\AndroidManifest.xml:48:17-60
61                android:resource="@xml/accessibility_service_config" />
61-->src\main\AndroidManifest.xml:49:17-69
62        </service>
63    </application>
64
65</manifest>